INFO  2022-12-25T15:14:25.819 ThreadId(1) [1P:foundation/op-log/src/lib.rs:593] Removed 7 old log files
INFO  2022-12-25T15:14:25.855 ThreadId(1) [client:typescript] Client starting.
INFO  2022-12-25T15:14:26.191 ThreadId(1) [1P:op-localization/src/lib.rs:241] system locale detected as 'en-US'
INFO  2022-12-25T15:14:26.192 tokio-runtime-worker(ThreadId(5)) [1P:native-messaging/op-native-core-integration/src/lib.rs:281] Starting IPC listener on 1Password-BrowserSupport
INFO  2022-12-25T15:14:26.193 ThreadId(1) [1P:op-localization/src/lib.rs:267] selected translations for EN_US based on detected locale en-US
INFO  2022-12-25T15:14:26.193 ThreadId(1) [status:op-app/src/app.rs:406] App::new(1Password for Linux/80910043 (EN_US), /home/$USER/.config/1Password/1password.sqlite)
INFO  2022-12-25T15:14:26.196 tokio-runtime-worker(ThreadId(5)) [1P:native-messaging/op-native-core-integration/src/lib.rs:293] Active native core integration is awaiting messages
INFO  2022-12-25T15:14:26.214 ThreadId(1) [1P:op-db/src/db.rs:120] Starting DB at version: 26
ERROR 2022-12-25T15:14:26.254 ThreadId(1) [1P:op-app/src/app.rs:491] Failed to read password expiry duration setting: Error("EOF while parsing a value", line: 1, column: 0)
ERROR 2022-12-25T15:14:26.284 ThreadId(1) [1P:ssh/op-ssh-config/src/lib.rs:153] Could not open ssh config file in ~/.ssh/config
ERROR 2022-12-25T15:14:26.285 ThreadId(1) [1P:ffi/op-core-node/src/lib.rs:65] Attempted to notify uninitialized App
ERROR 2022-12-25T15:14:26.285 ThreadId(1) [1P:/builds/dev/core/core/ssh/op-ssh-config/src/lib.rs:140] Failed to start ssh config file watcher: Io(Os { code: 2, kind: NotFound, message: "No such file or directory" })
INFO  2022-12-25T15:14:26.307 op_executor:invocation_loop(ThreadId(14)) [1P:native-messaging/op-nm-installer/src/nix_utils.rs:68] Created NMH manifest at /home/$USER/.config/google-chrome/NativeMessagingHosts/com.1password.1password.json
INFO  2022-12-25T15:14:26.310 op_executor:invocation_loop(ThreadId(14)) [1P:native-messaging/op-nm-installer/src/nix_utils.rs:68] Created NMH manifest at /home/$USER/.config/google-chrome-beta/NativeMessagingHosts/com.1password.1password.json
INFO  2022-12-25T15:14:26.312 op_executor:invocation_loop(ThreadId(14)) [1P:native-messaging/op-nm-installer/src/nix_utils.rs:68] Created NMH manifest at /home/$USER/.config/google-chrome-unstable/NativeMessagingHosts/com.1password.1password.json
INFO  2022-12-25T15:14:26.319 op_executor:invocation_loop(ThreadId(14)) [1P:native-messaging/op-nm-installer/src/nix_utils.rs:68] Created NMH manifest at /home/$USER/.config/chromium/NativeMessagingHosts/com.1password.1password.json
INFO  2022-12-25T15:14:26.327 op_executor:invocation_loop(ThreadId(14)) [1P:native-messaging/op-nm-installer/src/nix_utils.rs:68] Created NMH manifest at /home/$USER/.config/microsoft-edge-dev/NativeMessagingHosts/com.1password.1password.json
INFO  2022-12-25T15:14:26.331 op_executor:invocation_loop(ThreadId(14)) [1P:native-messaging/op-nm-installer/src/nix_utils.rs:68] Created NMH manifest at /home/$USER/.config/BraveSoftware/Brave-Browser/NativeMessagingHosts/com.1password.1password.json
INFO  2022-12-25T15:14:26.332 op_executor:invocation_loop(ThreadId(14)) [1P:native-messaging/op-nm-installer/src/nix_utils.rs:68] Created NMH manifest at /home/$USER/.config/vivaldi/NativeMessagingHosts/com.1password.1password.json
INFO  2022-12-25T15:14:26.334 op_executor:invocation_loop(ThreadId(14)) [1P:native-messaging/op-nm-installer/src/nix_utils.rs:68] Created NMH manifest at /home/$USER/.config/vivaldi-snapshot/NativeMessagingHosts/com.1password.1password.json
INFO  2022-12-25T15:14:26.335 op_executor:invocation_loop(ThreadId(14)) [1P:native-messaging/op-nm-installer/src/nix_utils.rs:68] Created NMH manifest at /home/$USER/.mozilla/native-messaging-hosts/com.1password.1password.json
INFO  2022-12-25T15:14:26.335 op_executor:invocation_loop(ThreadId(14)) [1P:native-messaging/op-nm-installer/src/nix_utils.rs:83] Successfully installed all native messaging manifests.
WARN  2022-12-25T15:14:26.365 op_executor:invocation_loop(ThreadId(14)) [1P:op-app/src/app/backend.rs:217] operation blocking event loop invoke Invocation(External(Load)) took more than 50 ms (66 ms)
INFO  2022-12-25T15:14:31.421 tokio-runtime-worker(ThreadId(4)) [1P:data/op-account-ext-items/src/lib.rs:176] loaded 54 items in 6 vaults for account: 6BQTOJW6MNH7PCVMDFM5XEO7CQ
INFO  2022-12-25T15:14:31.427 op_executor:invocation_loop(ThreadId(14)) [1P:op-app/src/app/backend/unlock.rs:110] Lock state changed: Unlocked
INFO  2022-12-25T15:14:33.507 tokio-runtime-worker(ThreadId(3)) [1P:op-syncer/src/sync_job.rs:291] synced account 6BQTOJW6MNH7PCVMDFM5XEO7CQ (0.449398813s)
INFO  2022-12-25T15:14:33.507 tokio-runtime-worker(ThreadId(3)) [1P:data/op-file-transfer/src/lib.rs:564] find_and_complete_pending_uploads: '6BQTOJW6MNH7PCVMDFM5XEO7CQ'
INFO  2022-12-25T15:14:33.523 tokio-runtime-worker(ThreadId(3)) [1P:data/op-account-ext-syncer/src/lib.rs:228] The B5 Notifier for (6BQTOJW6MNH7PCVMDFM5XEO7CQ) has connected, now monitoring for events.
